2024-11-22 01:13:42,644 - INFO - Starting Excel to CSV conversion process.
2024-11-22 01:13:42,644 - INFO - Input file: data.xlsx
2024-11-22 01:13:42,644 - INFO - Output file: data.csv
2024-11-22 01:13:42,644 - INFO - Reading Excel file: data.xlsx
2024-11-22 01:13:42,646 - ERROR - An unexpected error occurred during conversion.
Traceback (most recent call last):
  File "/Users/barbora/Desktop/Skola/ING/1/AEDA/semestralka/.venv/lib/python3.10/site-packages/pandas/compat/_optional.py", line 135, in import_optional_dependency
    module = importlib.import_module(name)
  File "/opt/homebrew/Caskroom/miniforge/base/lib/python3.10/importlib/__init__.py", line 126, in import_module
    return _bootstrap._gcd_import(name[level:], package, level)
  File "<frozen importlib._bootstrap>", line 1050, in _gcd_import
  File "<frozen importlib._bootstrap>", line 1027, in _find_and_load
  File "<frozen importlib._bootstrap>", line 1004, in _find_and_load_unlocked
ModuleNotFoundError: No module named 'openpyxl'

During handling of the above exception, another exception occurred:

Traceback (most recent call last):
  File "/Users/barbora/Desktop/Skola/ING/1/AEDA/semestralka/excel_to_csv.py", line 39, in convert_xlsx_to_csv
    df = pd.read_excel(input_file)
  File "/Users/barbora/Desktop/Skola/ING/1/AEDA/semestralka/.venv/lib/python3.10/site-packages/pandas/io/excel/_base.py", line 495, in read_excel
    io = ExcelFile(
  File "/Users/barbora/Desktop/Skola/ING/1/AEDA/semestralka/.venv/lib/python3.10/site-packages/pandas/io/excel/_base.py", line 1567, in __init__
    self._reader = self._engines[engine](
  File "/Users/barbora/Desktop/Skola/ING/1/AEDA/semestralka/.venv/lib/python3.10/site-packages/pandas/io/excel/_openpyxl.py", line 552, in __init__
    import_optional_dependency("openpyxl")
  File "/Users/barbora/Desktop/Skola/ING/1/AEDA/semestralka/.venv/lib/python3.10/site-packages/pandas/compat/_optional.py", line 138, in import_optional_dependency
    raise ImportError(msg)
ImportError: Missing optional dependency 'openpyxl'.  Use pip or conda to install openpyxl.
2024-11-22 01:14:15,107 - INFO - Starting Excel to CSV conversion process.
2024-11-22 01:14:15,108 - INFO - Input file: data.xlsx
2024-11-22 01:14:15,108 - INFO - Output file: data.csv
2024-11-22 01:14:15,108 - INFO - Reading Excel file: data.xlsx
2024-11-22 01:14:15,232 - INFO - Writing data to CSV file: data.csv
2024-11-22 01:14:15,234 - INFO - Successfully converted data.xlsx to data.csv.
2024-11-22 17:36:48,380 - INFO - Starting Excel to CSV conversion process.
2024-11-22 17:36:48,380 - INFO - Input file: data.xlsx
2024-11-22 17:36:48,380 - INFO - Output file: data.csv
2024-11-22 17:36:48,380 - INFO - Reading Excel file: data.xlsx
2024-11-22 17:36:48,474 - INFO - Writing data to CSV file: data.csv
2024-11-22 17:36:48,478 - INFO - Successfully converted data.xlsx to data.csv.
2024-11-23 17:04:10,078 - INFO - Starting Excel to CSV conversion process.
2024-11-23 17:04:10,078 - INFO - Input file: data/data.xlsx
2024-11-23 17:04:10,078 - INFO - Output file: data/data.csv
2024-11-23 17:04:10,078 - INFO - Reading Excel file: data/data.xlsx
2024-11-23 17:04:10,177 - INFO - Writing data to CSV file: data/data.csv
2024-11-23 17:04:10,180 - INFO - Successfully converted data/data.xlsx to data/data.csv.
2024-11-23 17:10:22,619 - INFO - Starting Excel to CSV conversion process.
2024-11-23 17:10:22,619 - INFO - Input file: data/data.xlsx
2024-11-23 17:10:22,619 - INFO - Output file: data/data.csv
2024-11-23 17:10:22,619 - INFO - Reading Excel file: data/data.xlsx
2024-11-23 17:10:22,712 - INFO - Writing data to CSV file: data/data.csv
2024-11-23 17:10:22,715 - INFO - Successfully converted data/data.xlsx to data/data.csv.
